<?xml version="1.0" encoding="UTF-8"?>
<testng-results ignored="0" total="1" passed="1" failed="0" skipped="0">
  <reporter-output>
  </reporter-output>
  <suite started-at="2026-06-18T10:11:25 IST" name="Default suite" finished-at="2026-06-18T10:11:40 IST" duration-ms="15015">
    <groups>
    </groups>
    <test started-at="2026-06-18T10:11:25 IST" name="Default test" finished-at="2026-06-18T10:11:40 IST" duration-ms="15015">
      <class name="jenkins_project.FirstTestClass">
        <test-method signature="test()[pri:0, instance:jenkins_project.FirstTestClass@5bf0d49]" started-at="2026-06-18T10:11:25 IST" name="test" finished-at="2026-06-18T10:11:40 IST" duration-ms="14950" status="PASS">
          <reporter-output>
          </reporter-output>
        </test-method> <!-- test -->
      </class> <!-- jenkins_project.FirstTestClass -->
    </test> <!-- Default test -->
  </suite> <!-- Default suite -->
</testng-results>
